<?xml version="1.0" encoding="UTF-8"?>
<testng-results ignored="0" total="2" passed="2" failed="0" skipped="0">
  <reporter-output>
  </reporter-output>
  <suite started-at="2021-11-08T11:30:34 IST" name="Simplilearn" finished-at="2021-11-08T11:31:01 IST" duration-ms="26417">
    <groups>
    </groups>
    <test started-at="2021-11-08T11:30:34 IST" name="Test" finished-at="2021-11-08T11:31:01 IST" duration-ms="26417">
      <class name="test.LoginTest">
        <test-method is-config="true" signature="ReportSetup()[pri:0, instance:test.LoginTest@662b4c69]" started-at="2021-11-08T11:30:34 IST" name="ReportSetup" finished-at="2021-11-08T11:30:35 IST" duration-ms="130" status="PASS">
          <reporter-output>
          </reporter-output>
        </test-method> <!-- ReportSetup -->
        <test-method is-config="true" signature="setup()[pri:0, instance:test.LoginTest@662b4c69]" started-at="2021-11-08T11:30:35 IST" name="setup" finished-at="2021-11-08T11:30:38 IST" duration-ms="3236" status="PASS">
          <reporter-output>
          </reporter-output>
        </test-method> <!-- setup -->
        <test-method signature="NegativeLogin(java.lang.String,java.lang.String)[pri:0, instance:test.LoginTest@662b4c69]" started-at="2021-11-08T11:30:38 IST" name="NegativeLogin" finished-at="2021-11-08T11:30:49 IST" duration-ms="11345" status="PASS">
          <params>
            <param index="0">
              <value>
                <![CDATA[abc@gmail.com]]>
              </value>
            </param>
            <param index="1">
              <value>
                <![CDATA[Pass@15dfd]]>
              </value>
            </param>
          </params>
          <reporter-output>
          </reporter-output>
        </test-method> <!-- NegativeLogin -->
        <test-method is-config="true" signature="teardown()[pri:0, instance:test.LoginTest@662b4c69]" started-at="2021-11-08T11:30:49 IST" name="teardown" finished-at="2021-11-08T11:30:49 IST" duration-ms="339" status="PASS">
          <reporter-output>
          </reporter-output>
        </test-method> <!-- teardown -->
        <test-method is-config="true" signature="setup()[pri:0, instance:test.LoginTest@662b4c69]" started-at="2021-11-08T11:30:49 IST" name="setup" finished-at="2021-11-08T11:30:52 IST" duration-ms="2300" status="PASS">
          <reporter-output>
          </reporter-output>
        </test-method> <!-- setup -->
        <test-method signature="PositiveLogin(java.lang.String,java.lang.String)[pri:0, instance:test.LoginTest@662b4c69]" started-at="2021-11-08T11:30:52 IST" name="PositiveLogin" finished-at="2021-11-08T11:31:00 IST" duration-ms="8523" status="PASS">
          <params>
            <param index="0">
              <value>
                <![CDATA[abc@gmail.com]]>
              </value>
            </param>
            <param index="1">
              <value>
                <![CDATA[Pass@15dfd]]>
              </value>
            </param>
          </params>
          <reporter-output>
          </reporter-output>
        </test-method> <!-- PositiveLogin -->
        <test-method is-config="true" signature="teardown()[pri:0, instance:test.LoginTest@662b4c69]" started-at="2021-11-08T11:31:00 IST" name="teardown" finished-at="2021-11-08T11:31:01 IST" duration-ms="334" status="PASS">
          <reporter-output>
          </reporter-output>
        </test-method> <!-- teardown -->
        <test-method is-config="true" signature="ReportTearDown()[pri:0, instance:test.LoginTest@662b4c69]" started-at="2021-11-08T11:31:01 IST" name="ReportTearDown" finished-at="2021-11-08T11:31:01 IST" duration-ms="184" status="PASS">
          <reporter-output>
          </reporter-output>
        </test-method> <!-- ReportTearDown -->
      </class> <!-- test.LoginTest -->
    </test> <!-- Test -->
  </suite> <!-- Simplilearn -->
</testng-results>
